Lab03/app/build/intermediates/manifest_merge_blame_file/debug/manifest-merger-blame-debug-report.txt
1<?xml version="1.0" encoding="utf-8"?>
2<manifest xmlns:android="http://schemas.android.com/apk/res/android"
3    package="edu.calvin.cs262.nrs32"
4    android:versionCode="1"
5    android:versionName="1.0" >
6
7    <uses-sdk
8        android:minSdkVersion="15"
8-->src/main/AndroidManifest.xml
9        android:targetSdkVersion="29" />
9-->src/main/AndroidManifest.xml
10
11    <application
11-->src/main/AndroidManifest.xml:5:5-27:19
12        android:allowBackup="true"
12-->src/main/AndroidManifest.xml:6:9-35
13        android:appComponentFactory="androidx.core.app.CoreComponentFactory"
13-->[androidx.core:core:1.0.1] AndroidManifest.xml:22:18-86
14        android:debuggable="true"
15        android:icon="@mipmap/ic_launcher"
15-->src/main/AndroidManifest.xml:7:9-43
16        android:label="@string/app_name"
16-->src/main/AndroidManifest.xml:8:9-41
17        android:roundIcon="@mipmap/ic_launcher_round"
17-->src/main/AndroidManifest.xml:9:9-54
18        android:supportsRtl="true"
18-->src/main/AndroidManifest.xml:10:9-35
19        android:theme="@style/AppTheme" >
19-->src/main/AndroidManifest.xml:11:9-40
20        <activity
20-->src/main/AndroidManifest.xml:12:9-19:20
21            android:name="edu.calvin.cs262.nrs32.SecondActivity"
21-->src/main/AndroidManifest.xml:12:19-49
22            android:label="@string/activity2_name"
22-->src/main/AndroidManifest.xml:13:13-53
23            android:parentActivityName="edu.calvin.cs262.nrs32.MainActivity" >
23-->src/main/AndroidManifest.xml:14:13-55
24            <meta-data
24-->src/main/AndroidManifest.xml:15:13-18:63
25                android:name="android.support.PARENT_ACTIVITY"
25-->src/main/AndroidManifest.xml:16:17-63
26                android:value="edu.calvin.cs262.nrs32.SecondActivity" />
26-->src/main/AndroidManifest.xml:17:17-91
27        </activity>
28        <activity android:name="edu.calvin.cs262.nrs32.MainActivity" >
28-->src/main/AndroidManifest.xml:20:9-26:20
28-->src/main/AndroidManifest.xml:20:19-47
29            <intent-filter>
29-->src/main/AndroidManifest.xml:21:13-25:29
30                <action android:name="android.intent.action.MAIN" />
30-->src/main/AndroidManifest.xml:22:17-69
30-->src/main/AndroidManifest.xml:22:25-66
31
32                <category android:name="android.intent.category.LAUNCHER" />
32-->src/main/AndroidManifest.xml:24:17-77
32-->src/main/AndroidManifest.xml:24:27-74
33            </intent-filter>
34        </activity>
35    </application>
36
37</manifest>